#
# There is insufficient memory for the Java Runtime Environment to continue.
# Native memory allocation (malloc) failed to allocate 1712656 bytes for Chunk::new
# Possible reasons:
#   The system is out of physical RAM or swap space
#   The process is running with CompressedOops enabled, and the Java Heap may be blocking the growth of the native heap
# Possible solutions:
#   Reduce memory load on the system
#   Increase physical memory or swap space
#   Check if swap backing store is full
#   Decrease Java heap size (-Xmx/-Xms)
#   Decrease number of Java threads
#   Decrease Java thread stack sizes (-Xss)
#   Set larger code cache with -XX:ReservedCodeCacheSize=
#   JVM is running with Unscaled Compressed Oops mode in which the Java heap is
#     placed in the first 4GB address space. The Java Heap base address is the
#     maximum limit for the native heap growth. Please use -XX:HeapBaseMinAddress
#     to set the Java Heap base and to place the Java Heap above 4GB virtual address.
# This output file may be truncated or incomplete.
#
#  Out of Memory Error (arena.cpp:191), pid=15144, tid=21536
#
# JRE version: OpenJDK Runtime Environment (17.0.9) (build 17.0.9+0--11185874)
# Java VM: OpenJDK 64-Bit Server VM (17.0.9+0--11185874, mixed mode, tiered, compressed oops, compressed class ptrs, g1 gc, windows-amd64)
# No core dump will be written. Minidumps are not enabled by default on client versions of Windows
#

---------------  S U M M A R Y ------------

Command Line: org.jetbrains.kotlin.cli.jvm.K2JVMCompiler @C:\Users\ASUS\AndroidStudioProjects\Project152\app\build\20240425_8402613542621192237.compiler.options

Host: Intel(R) Core(TM) i5-10300H CPU @ 2.50GHz, 8 cores, 7G,  Windows 11 , 64 bit Build 22621 (10.0.22621.3374)
Time: Thu Apr 25 03:40:48 2024 SE Asia Standard Time elapsed time: 4.035791 seconds (0d 0h 0m 4s)

---------------  T H R E A D  ---------------

Current thread (0x000001d146bc62a0):  JavaThread "C2 CompilerThread0" daemon [_thread_in_native, id=21536, stack(0x000000a9cdf00000,0x000000a9ce000000)]


Current CompileTask:
C2:   4035 5146       4       org.jetbrains.org.objectweb.asm.ClassReader::readMethod (1061 bytes)

Stack: [0x000000a9cdf00000,0x000000a9ce000000]
Native frames: (J=compiled Java code, j=interpreted, Vv=VM code, C=native code)
V  [jvm.dll+0x6886e9]
V  [jvm.dll+0x841e4a]
V  [jvm.dll+0x843a8e]
V  [jvm.dll+0x8440f3]
V  [jvm.dll+0x24c14f]
V  [jvm.dll+0xac44c]
V  [jvm.dll+0xaca9c]
V  [jvm.dll+0x36c1a2]
V  [jvm.dll+0x1be4b6]
V  [jvm.dll+0x21df09]
V  [jvm.dll+0x21d1d1]
V  [jvm.dll+0x1a674d]
V  [jvm.dll+0x22d088]
V  [jvm.dll+0x22b1c0]
V  [jvm.dll+0x7f62f7]
V  [jvm.dll+0x7f06aa]
V  [jvm.dll+0x687565]
C  [ucrtbase.dll+0x29333]
C  [KERNEL32.DLL+0x1257d]
C  [ntdll.dll+0x5aa48]


---------------  P R O C E S S  ---------------

Threads class SMR info:
_java_thread_list=0x000001d14bf056a0, length=12, elements={
0x000001d12cd31ac0, 0x000001d146a49650, 0x000001d146a4b4e0, 0x000001d146bc15a0,
0x000001d146bc2070, 0x000001d146bc4b40, 0x000001d146bc5500, 0x000001d146bc62a0,
0x000001d146bc6d50, 0x000001d146bd46a0, 0x000001d146d42b40, 0x000001d146d41f30
}

Java Threads: ( => current thread )
  0x000001d12cd31ac0 JavaThread "main" [_thread_in_Java, id=24336, stack(0x000000a9cd200000,0x000000a9cd300000)]
  0x000001d146a49650 JavaThread "Reference Handler" daemon [_thread_blocked, id=8152, stack(0x000000a9cd900000,0x000000a9cda00000)]
  0x000001d146a4b4e0 JavaThread "Finalizer" daemon [_thread_blocked, id=11096, stack(0x000000a9cda00000,0x000000a9cdb00000)]
  0x000001d146bc15a0 JavaThread "Signal Dispatcher" daemon [_thread_blocked, id=8144, stack(0x000000a9cdb00000,0x000000a9cdc00000)]
  0x000001d146bc2070 JavaThread "Attach Listener" daemon [_thread_blocked, id=21580, stack(0x000000a9cdc00000,0x000000a9cdd00000)]
  0x000001d146bc4b40 JavaThread "Service Thread" daemon [_thread_blocked, id=10880, stack(0x000000a9cdd00000,0x000000a9cde00000)]
  0x000001d146bc5500 JavaThread "Monitor Deflation Thread" daemon [_thread_blocked, id=9864, stack(0x000000a9cde00000,0x000000a9cdf00000)]
=>0x000001d146bc62a0 JavaThread "C2 CompilerThread0" daemon [_thread_in_native, id=21536, stack(0x000000a9cdf00000,0x000000a9ce000000)]
  0x000001d146bc6d50 JavaThread "C1 CompilerThread0" daemon [_thread_blocked, id=2800, stack(0x000000a9ce000000,0x000000a9ce100000)]
  0x000001d146bd46a0 JavaThread "Sweeper thread" daemon [_thread_blocked, id=21644, stack(0x000000a9ce100000,0x000000a9ce200000)]
  0x000001d146d42b40 JavaThread "Notification Thread" daemon [_thread_blocked, id=5416, stack(0x000000a9ce200000,0x000000a9ce300000)]
  0x000001d146d41f30 JavaThread "Common-Cleaner" daemon [_thread_blocked, id=11100, stack(0x000000a9ce400000,0x000000a9ce500000)]

Other Threads:
  0x000001d1469f1470 VMThread "VM Thread" [stack: 0x000000a9cd800000,0x000000a9cd900000] [id=2852]
  0x000001d146d43020 WatcherThread [stack: 0x000000a9ce300000,0x000000a9ce400000] [id=4124]
  0x000001d12cd8c940 GCTaskThread "GC Thread#0" [stack: 0x000000a9cd300000,0x000000a9cd400000] [id=5632]
  0x000001d14b4ccde0 GCTaskThread "GC Thread#1" [stack: 0x000000a9ce600000,0x000000a9ce700000] [id=13924]
  0x000001d14b4cd0a0 GCTaskThread "GC Thread#2" [stack: 0x000000a9ce700000,0x000000a9ce800000] [id=22984]
  0x000001d14b45f780 GCTaskThread "GC Thread#3" [stack: 0x000000a9ce800000,0x000000a9ce900000] [id=11448]
  0x000001d14b4e9c30 GCTaskThread "GC Thread#4" [stack: 0x000000a9ce900000,0x000000a9cea00000] [id=15440]
  0x000001d14bbe8b20 GCTaskThread "GC Thread#5" [stack: 0x000000a9cea00000,0x000000a9ceb00000] [id=3652]
  0x000001d14bb18050 GCTaskThread "GC Thread#6" [stack: 0x000000a9ceb00000,0x000000a9cec00000] [id=23076]
  0x000001d14baec460 GCTaskThread "GC Thread#7" [stack: 0x000000a9cec00000,0x000000a9ced00000] [id=24088]
  0x000001d12cd9d390 ConcurrentGCThread "G1 Main Marker" [stack: 0x000000a9cd400000,0x000000a9cd500000] [id=21164]
  0x000001d12cd9de80 ConcurrentGCThread "G1 Conc#0" [stack: 0x000000a9cd500000,0x000000a9cd600000] [id=20632]
  0x000001d14bd45480 ConcurrentGCThread "G1 Conc#1" [stack: 0x000000a9ced00000,0x000000a9cee00000] [id=4752]
  0x000001d12cddd160 ConcurrentGCThread "G1 Refine#0" [stack: 0x000000a9cd600000,0x000000a9cd700000] [id=20852]
  0x000001d12cdddb90 ConcurrentGCThread "G1 Service" [stack: 0x000000a9cd700000,0x000000a9cd800000] [id=23444]

Threads with active compile tasks:
C2 CompilerThread0     4064 5146       4       org.jetbrains.org.objectweb.asm.ClassReader::readMethod (1061 bytes)

VM state: not at safepoint (normal execution)

VM Mutex/Monitor currently owned by a thread: None

Heap address: 0x0000000082800000, size: 2008 MB, Compressed Oops mode: 32-bit

CDS archive(s) not mapped
Compressed class space mapped at: 0x0000000100000000-0x0000000140000000, reserved size: 1073741824
Narrow klass base: 0x0000000000000000, Narrow klass shift: 3, Narrow klass range: 0x140000000

GC Precious Log:
 CPUs: 8 total, 8 available
 Memory: 8029M
 Large Page Support: Disabled
 NUMA Support: Disabled
 Compressed Oops: Enabled (32-bit)
 Heap Region Size: 1M
 Heap Min Capacity: 8M
 Heap Initial Capacity: 126M
 Heap Max Capacity: 2008M
 Pre-touch: Disabled
 Parallel Workers: 8
 Concurrent Workers: 2
 Concurrent Refinement Workers: 8
 Periodic GC: Disabled

Heap:
 garbage-first heap   total 71680K, used 51609K [0x0000000082800000, 0x0000000100000000)
  region size 1024K, 16 young (16384K), 3 survivors (3072K)
 Metaspace       used 51404K, committed 51648K, reserved 1114112K
  class space    used 6079K, committed 6208K, reserved 1048576K

Heap Regions: E=young(eden), S=young(survivor), O=old, HS=humongous(starts), HC=humongous(continues), CS=collection set, F=free, OA=open archive, CA=closed archive, TAMS=top-at-mark-start (previous, next)
|   0|0x0000000082800000, 0x0000000082900000, 0x0000000082900000|100%|HS|  |TAMS 0x0000000082900000, 0x0000000082800000| Complete 
|   1|0x0000000082900000, 0x0000000082a00000, 0x0000000082a00000|100%|HC|  |TAMS 0x0000000082a00000, 0x0000000082900000| Complete 
|   2|0x0000000082a00000, 0x0000000082b00000, 0x0000000082b00000|100%|HC|  |TAMS 0x0000000082b00000, 0x0000000082a00000| Complete 
|   3|0x0000000082b00000, 0x0000000082c00000, 0x0000000082c00000|100%|HC|  |TAMS 0x0000000082c00000, 0x0000000082b00000| Complete 
|   4|0x0000000082c00000, 0x0000000082d00000, 0x0000000082d00000|100%| O|  |TAMS 0x0000000082d00000, 0x0000000082c00000| Untracked 
|   5|0x0000000082d00000, 0x0000000082e00000, 0x0000000082e00000|100%| O|  |TAMS 0x0000000082e00000, 0x0000000082d00000| Untracked 
|   6|0x0000000082e00000, 0x0000000082f00000, 0x0000000082f00000|100%| O|  |TAMS 0x0000000082f00000, 0x0000000082e00000| Untracked 
|   7|0x0000000082f00000, 0x0000000083000000, 0x0000000083000000|100%| O|  |TAMS 0x0000000083000000, 0x0000000082f00000| Untracked 
|   8|0x0000000083000000, 0x0000000083100000, 0x0000000083100000|100%| O|  |TAMS 0x0000000083100000, 0x0000000083000000| Complete 
|   9|0x0000000083100000, 0x0000000083200000, 0x0000000083200000|100%| O|  |TAMS 0x0000000083200000, 0x0000000083100000| Untracked 
|  10|0x0000000083200000, 0x0000000083300000, 0x0000000083300000|100%| O|  |TAMS 0x0000000083300000, 0x0000000083200000| Untracked 
|  11|0x0000000083300000, 0x0000000083400000, 0x0000000083400000|100%| O|  |TAMS 0x0000000083400000, 0x0000000083300000| Untracked 
|  12|0x0000000083400000, 0x0000000083500000, 0x0000000083500000|100%| O|  |TAMS 0x0000000083500000, 0x0000000083400000| Untracked 
|  13|0x0000000083500000, 0x0000000083600000, 0x0000000083600000|100%| O|  |TAMS 0x0000000083600000, 0x0000000083500000| Untracked 
|  14|0x0000000083600000, 0x0000000083700000, 0x0000000083700000|100%| O|  |TAMS 0x0000000083700000, 0x0000000083600000| Untracked 
|  15|0x0000000083700000, 0x0000000083800000, 0x0000000083800000|100%| O|  |TAMS 0x0000000083800000, 0x0000000083700000| Untracked 
|  16|0x0000000083800000, 0x0000000083900000, 0x0000000083900000|100%| O|  |TAMS 0x0000000083900000, 0x0000000083800000| Untracked 
|  17|0x0000000083900000, 0x0000000083a00000, 0x0000000083a00000|100%| O|  |TAMS 0x0000000083a00000, 0x0000000083900000| Untracked 
|  18|0x0000000083a00000, 0x0000000083b00000, 0x0000000083b00000|100%|HS|  |TAMS 0x0000000083b00000, 0x0000000083a00000| Complete 
|  19|0x0000000083b00000, 0x0000000083c00000, 0x0000000083c00000|100%|HC|  |TAMS 0x0000000083c00000, 0x0000000083b00000| Complete 
|  20|0x0000000083c00000, 0x0000000083d00000, 0x0000000083d00000|100%| O|  |TAMS 0x0000000083d00000, 0x0000000083c00000| Untracked 
|  21|0x0000000083d00000, 0x0000000083e00000, 0x0000000083e00000|100%| O|  |TAMS 0x0000000083e00000, 0x0000000083d00000| Untracked 
|  22|0x0000000083e00000, 0x0000000083f00000, 0x0000000083f00000|100%| O|  |TAMS 0x0000000083f00000, 0x0000000083e00000| Untracked 
|  23|0x0000000083f00000, 0x0000000084000000, 0x0000000084000000|100%| O|  |TAMS 0x0000000084000000, 0x0000000083f00000| Untracked 
|  24|0x0000000084000000, 0x0000000084100000, 0x0000000084100000|100%| O|  |TAMS 0x0000000084100000, 0x0000000084000000| Untracked 
|  25|0x0000000084100000, 0x0000000084200000, 0x0000000084200000|100%| O|  |TAMS 0x0000000084200000, 0x0000000084100000| Untracked 
|  26|0x0000000084200000, 0x0000000084300000, 0x0000000084300000|100%| O|  |TAMS 0x0000000084300000, 0x0000000084200000| Untracked 
|  27|0x0000000084300000, 0x0000000084400000, 0x0000000084400000|100%| O|  |TAMS 0x0000000084400000, 0x0000000084300000| Untracked 
|  28|0x0000000084400000, 0x0000000084500000, 0x0000000084500000|100%| O|  |TAMS 0x0000000084500000, 0x0000000084400000| Untracked 
|  29|0x0000000084500000, 0x0000000084600000, 0x0000000084600000|100%| O|  |TAMS 0x0000000084600000, 0x0000000084500000| Untracked 
|  30|0x0000000084600000, 0x0000000084700000, 0x0000000084700000|100%| O|  |TAMS 0x0000000084700000, 0x0000000084600000| Untracked 
|  31|0x0000000084700000, 0x0000000084800000, 0x0000000084800000|100%| O|  |TAMS 0x000000008473f400, 0x0000000084700000| Untracked 
|  32|0x0000000084800000, 0x0000000084900000, 0x0000000084900000|100%| O|  |TAMS 0x0000000084800000, 0x0000000084800000| Untracked 
|  33|0x0000000084900000, 0x0000000084a00000, 0x0000000084a00000|100%| O|  |TAMS 0x0000000084900000, 0x0000000084900000| Untracked 
|  34|0x0000000084a00000, 0x0000000084b00000, 0x0000000084b00000|100%| O|  |TAMS 0x0000000084a00000, 0x0000000084a00000| Untracked 
|  35|0x0000000084b00000, 0x0000000084b66600, 0x0000000084c00000| 39%| O|  |TAMS 0x0000000084b00000, 0x0000000084b00000| Untracked 
|  36|0x0000000084c00000, 0x0000000084c00000, 0x0000000084d00000|  0%| F|  |TAMS 0x0000000084c00000, 0x0000000084c00000| Untracked 
|  37|0x0000000084d00000, 0x0000000084d00000, 0x0000000084e00000|  0%| F|  |TAMS 0x0000000084d00000, 0x0000000084d00000| Untracked 
|  38|0x0000000084e00000, 0x0000000084e00000, 0x0000000084f00000|  0%| F|  |TAMS 0x0000000084e00000, 0x0000000084e00000| Untracked 
|  39|0x0000000084f00000, 0x0000000084f00000, 0x0000000085000000|  0%| F|  |TAMS 0x0000000084f00000, 0x0000000084f00000| Untracked 
|  40|0x0000000085000000, 0x0000000085000000, 0x0000000085100000|  0%| F|  |TAMS 0x0000000085000000, 0x0000000085000000| Untracked 
|  41|0x0000000085100000, 0x0000000085100000, 0x0000000085200000|  0%| F|  |TAMS 0x0000000085100000, 0x0000000085100000| Untracked 
|  42|0x0000000085200000, 0x0000000085200000, 0x0000000085300000|  0%| F|  |TAMS 0x0000000085200000, 0x0000000085200000| Untracked 
|  43|0x0000000085300000, 0x0000000085300000, 0x0000000085400000|  0%| F|  |TAMS 0x0000000085300000, 0x0000000085300000| Untracked 
|  44|0x0000000085400000, 0x0000000085400000, 0x0000000085500000|  0%| F|  |TAMS 0x0000000085400000, 0x0000000085400000| Untracked 
|  45|0x0000000085500000, 0x0000000085500000, 0x0000000085600000|  0%| F|  |TAMS 0x0000000085500000, 0x0000000085500000| Untracked 
|  46|0x0000000085600000, 0x0000000085600000, 0x0000000085700000|  0%| F|  |TAMS 0x0000000085600000, 0x0000000085600000| Untracked 
|  47|0x0000000085700000, 0x0000000085700000, 0x0000000085800000|  0%| F|  |TAMS 0x0000000085700000, 0x0000000085700000| Untracked 
|  48|0x0000000085800000, 0x0000000085800000, 0x0000000085900000|  0%| F|  |TAMS 0x0000000085800000, 0x0000000085800000| Untracked 
|  49|0x0000000085900000, 0x0000000085a00000, 0x0000000085a00000|100%| S|CS|TAMS 0x0000000085900000, 0x0000000085900000| Complete 
|  50|0x0000000085a00000, 0x0000000085b00000, 0x0000000085b00000|100%| S|CS|TAMS 0x0000000085a00000, 0x0000000085a00000| Complete 
|  51|0x0000000085b00000, 0x0000000085c00000, 0x0000000085c00000|100%| S|CS|TAMS 0x0000000085b00000, 0x0000000085b00000| Complete 
|  52|0x0000000085c00000, 0x0000000085c00000, 0x0000000085d00000|  0%| F|  |TAMS 0x0000000085c00000, 0x0000000085c00000| Untracked 
|  53|0x0000000085d00000, 0x0000000085d00000, 0x0000000085e00000|  0%| F|  |TAMS 0x0000000085d00000, 0x0000000085d00000| Untracked 
|  54|0x0000000085e00000, 0x0000000085e00000, 0x0000000085f00000|  0%| F|  |TAMS 0x0000000085e00000, 0x0000000085e00000| Untracked 
|  55|0x0000000085f00000, 0x0000000085f00000, 0x0000000086000000|  0%| F|  |TAMS 0x0000000085f00000, 0x0000000085f00000| Untracked 
|  56|0x0000000086000000, 0x0000000086000000, 0x0000000086100000|  0%| F|  |TAMS 0x0000000086000000, 0x0000000086000000| Untracked 
|  57|0x0000000086100000, 0x00000000861e4d08, 0x0000000086200000| 89%| E|  |TAMS 0x0000000086100000, 0x0000000086100000| Complete 
|  58|0x0000000086200000, 0x0000000086300000, 0x0000000086300000|100%| E|CS|TAMS 0x0000000086200000, 0x0000000086200000| Complete 
|  59|0x0000000086300000, 0x0000000086400000, 0x0000000086400000|100%| E|CS|TAMS 0x0000000086300000, 0x0000000086300000| Complete 
|  60|0x0000000086400000, 0x0000000086500000, 0x0000000086500000|100%| E|CS|TAMS 0x0000000086400000, 0x0000000086400000| Complete 
|  61|0x0000000086500000, 0x0000000086600000, 0x0000000086600000|100%| E|CS|TAMS 0x0000000086500000, 0x0000000086500000| Complete 
|  62|0x0000000086600000, 0x0000000086700000, 0x0000000086700000|100%| E|CS|TAMS 0x0000000086600000, 0x0000000086600000| Complete 
|  63|0x0000000086700000, 0x0000000086800000, 0x0000000086800000|100%| E|CS|TAMS 0x0000000086700000, 0x0000000086700000| Complete 
|  64|0x0000000086800000, 0x0000000086900000, 0x0000000086900000|100%| E|CS|TAMS 0x0000000086800000, 0x0000000086800000| Complete 
|  87|0x0000000087f00000, 0x0000000088000000, 0x0000000088000000|100%| E|CS|TAMS 0x0000000087f00000, 0x0000000087f00000| Complete 
|  88|0x0000000088000000, 0x0000000088100000, 0x0000000088100000|100%| E|CS|TAMS 0x0000000088000000, 0x0000000088000000| Complete 
|  89|0x0000000088100000, 0x0000000088200000, 0x0000000088200000|100%| E|CS|TAMS 0x0000000088100000, 0x0000000088100000| Complete 
|  90|0x0000000088200000, 0x0000000088300000, 0x0000000088300000|100%| E|CS|TAMS 0x0000000088200000, 0x0000000088200000| Complete 
| 125|0x000000008a500000, 0x000000008a600000, 0x000000008a600000|100%| E|CS|TAMS 0x000000008a500000, 0x000000008a500000| Complete 

Card table byte_map: [0x000001d13f920000,0x000001d13fd10000] _byte_map_base: 0x000001d13f50c000

Marking Bits (Prev, Next): (CMBitMap*) 0x000001d12cd8cfa0, (CMBitMap*) 0x000001d12cd8cf60
 Prev Bits: [0x000001d142060000, 0x000001d143fc0000)
 Next Bits: [0x000001d140100000, 0x000001d142060000)

Polling page: 0x000001d12acf0000

Metaspace:

Usage:
  Non-class:     44.27 MB used.
      Class:      5.94 MB used.
       Both:     50.21 MB used.

Virtual space:
  Non-class space:       64.00 MB reserved,      44.38 MB ( 69%) committed,  1 nodes.
      Class space:        1.00 GB reserved,       6.06 MB ( <1%) committed,  1 nodes.
             Both:        1.06 GB reserved,      50.44 MB (  5%) committed. 

Chunk freelists:
   Non-Class:  3.28 MB
       Class:  9.92 MB
        Both:  13.20 MB

MaxMetaspaceSize: unlimited
CompressedClassSpaceSize: 1.00 GB
Initial GC threshold: 21.00 MB
Current GC threshold: 83.88 MB
CDS: off
MetaspaceReclaimPolicy: balanced
 - commit_granule_bytes: 65536.
 - commit_granule_words: 8192.
 - virtual_space_node_default_size: 8388608.
 - enlarge_chunks_in_place: 1.
 - new_chunks_are_fully_committed: 0.
 - uncommit_free_chunks: 1.
 - use_allocation_guard: 0.
 - handle_deallocations: 1.


Internal statistics:

num_allocs_failed_limit: 6.
num_arena_births: 222.
num_arena_deaths: 0.
num_vsnodes_births: 2.
num_vsnodes_deaths: 0.
num_space_committed: 805.
num_space_uncommitted: 0.
num_chunks_returned_to_freelist: 6.
num_chunks_taken_from_freelist: 1750.
num_chunk_merges: 6.
num_chunk_splits: 1425.
num_chunks_enlarged: 1269.
num_inconsistent_stats: 0.

CodeHeap 'non-profiled nmethods': size=120000Kb used=1828Kb max_used=1828Kb free=118171Kb
 bounds [0x000001d137cd0000, 0x000001d137f40000, 0x000001d13f200000]
CodeHeap 'profiled nmethods': size=120000Kb used=10667Kb max_used=10667Kb free=109333Kb
 bounds [0x000001d130200000, 0x000001d130c70000, 0x000001d137730000]
CodeHeap 'non-nmethods': size=5760Kb used=1273Kb max_used=1336Kb free=4487Kb
 bounds [0x000001d137730000, 0x000001d1379a0000, 0x000001d137cd0000]
 total_blobs=5960 nmethods=5377 adapters=494
 compilation: enabled
              stopped_count=0, restarted_count=0
 full_count=0

Compilation events (20 events):
Event: 4.029 Thread 0x000001d146bc6d50 5406       2       org.jetbrains.kotlin.load.java.structure.impl.classFiles.BinaryClassSignatureParser$parseTypeVariableRefSignature$1::<init> (16 bytes)
Event: 4.029 Thread 0x000001d146bc6d50 nmethod 5406 0x000001d130c5d090 code [0x000001d130c5d220, 0x000001d130c5d3d8]
Event: 4.030 Thread 0x000001d146bc6d50 5409       2       org.jetbrains.kotlin.protobuf.AbstractMessageLite$Builder$LimitedInputStream::read (46 bytes)
Event: 4.030 Thread 0x000001d146bc6d50 nmethod 5409 0x000001d130c5d490 code [0x000001d130c5d640, 0x000001d130c5d7c8]
Event: 4.030 Thread 0x000001d146bc6d50 5411       2       org.jetbrains.kotlin.name.Name::<init> (23 bytes)
Event: 4.030 Thread 0x000001d146bc6d50 nmethod 5411 0x000001d130c5d890 code [0x000001d130c5da20, 0x000001d130c5dbc8]
Event: 4.030 Thread 0x000001d146bc6d50 5410       2       org.jetbrains.kotlin.metadata.jvm.deserialization.JvmNameResolverBase::isLocalClassName (14 bytes)
Event: 4.030 Thread 0x000001d146bc6d50 nmethod 5410 0x000001d130c5dc90 code [0x000001d130c5de40, 0x000001d130c5e008]
Event: 4.031 Thread 0x000001d146bc6d50 5412       2       kotlin.text.StringsKt__StringsKt::contains (69 bytes)
Event: 4.031 Thread 0x000001d146bc6d50 nmethod 5412 0x000001d130c5e110 code [0x000001d130c5e360, 0x000001d130c5e8c8]
Event: 4.031 Thread 0x000001d146bc6d50 5413       2       javaslang.collection.HashMap::empty (4 bytes)
Event: 4.031 Thread 0x000001d146bc6d50 nmethod 5413 0x000001d130c5ec10 code [0x000001d130c5eda0, 0x000001d130c5ee98]
Event: 4.031 Thread 0x000001d146bc6d50 5414       2       org.jetbrains.kotlin.metadata.ProtoBuf$ValueParameter::getDefaultInstance (4 bytes)
Event: 4.031 Thread 0x000001d146bc6d50 nmethod 5414 0x000001d130c5ef10 code [0x000001d130c5f0a0, 0x000001d130c5f198]
Event: 4.032 Thread 0x000001d146bc6d50 5415       2       org.jetbrains.kotlin.metadata.ProtoBuf$Property$1::parsePartialFrom (7 bytes)
Event: 4.032 Thread 0x000001d146bc6d50 nmethod 5415 0x000001d130c5f210 code [0x000001d130c5f3a0, 0x000001d130c5f4c8]
Event: 4.032 Thread 0x000001d146bc6d50 5416       2       org.jetbrains.kotlin.metadata.ProtoBuf$Property$1::parsePartialFrom (11 bytes)
Event: 4.032 Thread 0x000001d146bc6d50 nmethod 5416 0x000001d130c5f590 code [0x000001d130c5f720, 0x000001d130c5f8a8]
Event: 4.032 Thread 0x000001d146bc6d50 5417       2       org.jetbrains.kotlin.metadata.ProtoBuf$Property::<init> (7 bytes)
Event: 4.032 Thread 0x000001d146bc6d50 nmethod 5417 0x000001d130c5f990 code [0x000001d130c5fb20, 0x000001d130c5fc48]

GC Heap History (20 events):
Event: 1.554 GC heap before
{Heap before GC invocations=4 (full 0):
 garbage-first heap   total 40960K, used 11304K [0x0000000082800000, 0x0000000100000000)
  region size 1024K, 2 young (2048K), 1 survivors (1024K)
 Metaspace       used 28303K, committed 28480K, reserved 1114112K
  class space    used 3517K, committed 3584K, reserved 1048576K
}
Event: 1.558 GC heap after
{Heap after GC invocations=5 (full 0):
 garbage-first heap   total 40960K, used 11837K [0x0000000082800000, 0x0000000100000000)
  region size 1024K, 1 young (1024K), 1 survivors (1024K)
 Metaspace       used 28303K, committed 28480K, reserved 1114112K
  class space    used 3517K, committed 3584K, reserved 1048576K
}
Event: 1.896 GC heap before
{Heap before GC invocations=5 (full 0):
 garbage-first heap   total 40960K, used 32317K [0x0000000082800000, 0x0000000100000000)
  region size 1024K, 19 young (19456K), 1 survivors (1024K)
 Metaspace       used 30070K, committed 30272K, reserved 1114112K
  class space    used 3885K, committed 3968K, reserved 1048576K
}
Event: 1.906 GC heap after
{Heap after GC invocations=6 (full 0):
 garbage-first heap   total 40960K, used 18146K [0x0000000082800000, 0x0000000100000000)
  region size 1024K, 3 young (3072K), 3 survivors (3072K)
 Metaspace       used 30070K, committed 30272K, reserved 1114112K
  class space    used 3885K, committed 3968K, reserved 1048576K
}
Event: 2.110 GC heap before
{Heap before GC invocations=6 (full 0):
 garbage-first heap   total 40960K, used 29410K [0x0000000082800000, 0x0000000100000000)
  region size 1024K, 15 young (15360K), 3 survivors (3072K)
 Metaspace       used 33402K, committed 33664K, reserved 1114112K
  class space    used 4266K, committed 4416K, reserved 1048576K
}
Event: 2.118 GC heap after
{Heap after GC invocations=7 (full 0):
 garbage-first heap   total 58368K, used 19638K [0x0000000082800000, 0x0000000100000000)
  region size 1024K, 2 young (2048K), 2 survivors (2048K)
 Metaspace       used 33402K, committed 33664K, reserved 1114112K
  class space    used 4266K, committed 4416K, reserved 1048576K
}
Event: 2.294 GC heap before
{Heap before GC invocations=7 (full 0):
 garbage-first heap   total 58368K, used 30902K [0x0000000082800000, 0x0000000100000000)
  region size 1024K, 15 young (15360K), 2 survivors (2048K)
 Metaspace       used 35746K, committed 35968K, reserved 1114112K
  class space    used 4533K, committed 4672K, reserved 1048576K
}
Event: 2.298 GC heap after
{Heap after GC invocations=8 (full 0):
 garbage-first heap   total 58368K, used 18724K [0x0000000082800000, 0x0000000100000000)
  region size 1024K, 3 young (3072K), 3 survivors (3072K)
 Metaspace       used 35746K, committed 35968K, reserved 1114112K
  class space    used 4533K, committed 4672K, reserved 1048576K
}
Event: 2.566 GC heap before
{Heap before GC invocations=9 (full 0):
 garbage-first heap   total 58368K, used 42276K [0x0000000082800000, 0x0000000100000000)
  region size 1024K, 27 young (27648K), 3 survivors (3072K)
 Metaspace       used 40680K, committed 40896K, reserved 1114112K
  class space    used 4995K, committed 5120K, reserved 1048576K
}
Event: 2.571 GC heap after
{Heap after GC invocations=10 (full 0):
 garbage-first heap   total 58368K, used 20964K [0x0000000082800000, 0x0000000100000000)
  region size 1024K, 4 young (4096K), 4 survivors (4096K)
 Metaspace       used 40680K, committed 40896K, reserved 1114112K
  class space    used 4995K, committed 5120K, reserved 1048576K
}
Event: 2.946 GC heap before
{Heap before GC invocations=10 (full 0):
 garbage-first heap   total 58368K, used 44516K [0x0000000082800000, 0x0000000100000000)
  region size 1024K, 26 young (26624K), 4 survivors (4096K)
 Metaspace       used 46342K, committed 46592K, reserved 1114112K
  class space    used 5647K, committed 5760K, reserved 1048576K
}
Event: 2.952 GC heap after
{Heap after GC invocations=11 (full 0):
 garbage-first heap   total 58368K, used 25442K [0x0000000082800000, 0x0000000100000000)
  region size 1024K, 3 young (3072K), 3 survivors (3072K)
 Metaspace       used 46342K, committed 46592K, reserved 1114112K
  class space    used 5647K, committed 5760K, reserved 1048576K
}
Event: 3.009 GC heap before
{Heap before GC invocations=11 (full 0):
 garbage-first heap   total 58368K, used 44898K [0x0000000082800000, 0x0000000100000000)
  region size 1024K, 22 young (22528K), 3 survivors (3072K)
 Metaspace       used 46545K, committed 46784K, reserved 1114112K
  class space    used 5655K, committed 5760K, reserved 1048576K
}
Event: 3.013 GC heap after
{Heap after GC invocations=12 (full 0):
 garbage-first heap   total 70656K, used 26519K [0x0000000082800000, 0x0000000100000000)
  region size 1024K, 2 young (2048K), 2 survivors (2048K)
 Metaspace       used 46545K, committed 46784K, reserved 1114112K
  class space    used 5655K, committed 5760K, reserved 1048576K
}
Event: 3.246 GC heap before
{Heap before GC invocations=12 (full 0):
 garbage-first heap   total 70656K, used 54167K [0x0000000082800000, 0x0000000100000000)
  region size 1024K, 29 young (29696K), 2 survivors (2048K)
 Metaspace       used 48142K, committed 48384K, reserved 1114112K
  class space    used 5838K, committed 5952K, reserved 1048576K
}
Event: 3.253 GC heap after
{Heap after GC invocations=13 (full 0):
 garbage-first heap   total 70656K, used 30566K [0x0000000082800000, 0x0000000100000000)
  region size 1024K, 4 young (4096K), 4 survivors (4096K)
 Metaspace       used 48142K, committed 48384K, reserved 1114112K
  class space    used 5838K, committed 5952K, reserved 1048576K
}
Event: 3.622 GC heap before
{Heap before GC invocations=13 (full 0):
 garbage-first heap   total 70656K, used 54118K [0x0000000082800000, 0x0000000100000000)
  region size 1024K, 27 young (27648K), 4 survivors (4096K)
 Metaspace       used 50715K, committed 50944K, reserved 1114112K
  class space    used 6053K, committed 6144K, reserved 1048576K
}
Event: 3.633 GC heap after
{Heap after GC invocations=14 (full 0):
 garbage-first heap   total 70656K, used 36093K [0x0000000082800000, 0x0000000100000000)
  region size 1024K, 4 young (4096K), 4 survivors (4096K)
 Metaspace       used 50715K, committed 50944K, reserved 1114112K
  class space    used 6053K, committed 6144K, reserved 1048576K
}
Event: 3.889 GC heap before
{Heap before GC invocations=14 (full 0):
 garbage-first heap   total 70656K, used 53501K [0x0000000082800000, 0x0000000100000000)
  region size 1024K, 21 young (21504K), 4 survivors (4096K)
 Metaspace       used 51352K, committed 51520K, reserved 1114112K
  class space    used 6072K, committed 6144K, reserved 1048576K
}
Event: 3.900 GC heap after
{Heap after GC invocations=15 (full 0):
 garbage-first heap   total 70656K, used 39321K [0x0000000082800000, 0x0000000100000000)
  region size 1024K, 3 young (3072K), 3 survivors (3072K)
 Metaspace       used 51352K, committed 51520K, reserved 1114112K
  class space    used 6072K, committed 6144K, reserved 1048576K
}

Dll operation events (2 events):
Event: 0.007 Loaded shared library D:\Android Studio\jbr\bin\java.dll
Event: 1.253 Loaded shared library D:\Android Studio\jbr\bin\verify.dll

Deoptimization events (20 events):
Event: 3.807 Thread 0x000001d12cd31ac0 DEOPT PACKING pc=0x000001d1306929e5 sp=0x000000a9cd2fa280
Event: 3.807 Thread 0x000001d12cd31ac0 DEOPT UNPACKING pc=0x000001d137787143 sp=0x000000a9cd2f96d0 mode 0
Event: 3.870 Thread 0x000001d12cd31ac0 Uncommon trap: trap_request=0xffffff45 fr.pc=0x000001d137e8d410 relative=0x00000000000002d0
Event: 3.870 Thread 0x000001d12cd31ac0 Uncommon trap: reason=unstable_if action=reinterpret pc=0x000001d137e8d410 method=java.util.HashMap.getNode(Ljava/lang/Object;)Ljava/util/HashMap$Node; @ 66 c2
Event: 3.870 Thread 0x000001d12cd31ac0 DEOPT PACKING pc=0x000001d137e8d410 sp=0x000000a9cd2fb310
Event: 3.870 Thread 0x000001d12cd31ac0 DEOPT UNPACKING pc=0x000001d1377869a3 sp=0x000000a9cd2fb218 mode 2
Event: 3.881 Thread 0x000001d12cd31ac0 Uncommon trap: trap_request=0xffffffde fr.pc=0x000001d137dc3270 relative=0x0000000000000070
Event: 3.882 Thread 0x000001d12cd31ac0 Uncommon trap: reason=class_check action=maybe_recompile pc=0x000001d137dc3270 method=java.util.Collections$UnmodifiableCollection.size()I @ 4 c2
Event: 3.882 Thread 0x000001d12cd31ac0 DEOPT PACKING pc=0x000001d137dc3270 sp=0x000000a9cd2fa520
Event: 3.882 Thread 0x000001d12cd31ac0 DEOPT UNPACKING pc=0x000001d1377869a3 sp=0x000000a9cd2fa4a8 mode 2
Event: 3.882 Thread 0x000001d12cd31ac0 Uncommon trap: trap_request=0xffffffde fr.pc=0x000001d137dc3270 relative=0x0000000000000070
Event: 3.882 Thread 0x000001d12cd31ac0 Uncommon trap: reason=class_check action=maybe_recompile pc=0x000001d137dc3270 method=java.util.Collections$UnmodifiableCollection.size()I @ 4 c2
Event: 3.882 Thread 0x000001d12cd31ac0 DEOPT PACKING pc=0x000001d137dc3270 sp=0x000000a9cd2fa810
Event: 3.882 Thread 0x000001d12cd31ac0 DEOPT UNPACKING pc=0x000001d1377869a3 sp=0x000000a9cd2fa798 mode 2
Event: 3.882 Thread 0x000001d12cd31ac0 Uncommon trap: trap_request=0xffffff45 fr.pc=0x000001d137d203fc relative=0x00000000000002bc
Event: 3.882 Thread 0x000001d12cd31ac0 Uncommon trap: reason=unstable_if action=reinterpret pc=0x000001d137d203fc method=java.util.HashMap.getNode(Ljava/lang/Object;)Ljava/util/HashMap$Node; @ 66 c2
Event: 3.882 Thread 0x000001d12cd31ac0 DEOPT PACKING pc=0x000001d137d203fc sp=0x000000a9cd2fb4d0
Event: 3.882 Thread 0x000001d12cd31ac0 DEOPT UNPACKING pc=0x000001d1377869a3 sp=0x000000a9cd2fb440 mode 2
Event: 3.975 Thread 0x000001d12cd31ac0 DEOPT PACKING pc=0x000001d1306929e5 sp=0x000000a9cd2fb590
Event: 3.975 Thread 0x000001d12cd31ac0 DEOPT UNPACKING pc=0x000001d137787143 sp=0x000000a9cd2fa9e0 mode 0

Classes unloaded (0 events):
No events

Classes redefined (0 events):
No events

Internal exceptions (20 events):
Event: 1.107 Thread 0x000001d12cd31ac0 Exception <a 'java/lang/NoSuchMethodError'{0x00000000849e51f8}: 'int java.lang.invoke.DelegatingMethodHandle$Holder.reinvoke_L(java.lang.Object, java.lang.Object, java.lang.Object, long, int)'> (0x00000000849e51f8) 
thrown [s\src\hotspot\share\interpreter\linkResolver.cpp, line 771]
Event: 1.118 Thread 0x000001d12cd31ac0 Exception <a 'java/lang/NoSuchMethodError'{0x000000008488d3e0}: 'int java.lang.invoke.DirectMethodHandle$Holder.invokeStaticInit(java.lang.Object, java.lang.Object, java.lang.Object)'> (0x000000008488d3e0) 
thrown [s\src\hotspot\share\interpreter\linkResolver.cpp, line 771]
Event: 1.121 Thread 0x000001d12cd31ac0 Exception <a 'java/lang/NoSuchMethodError'{0x00000000848b6a38}: 'int java.lang.invoke.DirectMethodHandle$Holder.invokeStaticInit(java.lang.Object, java.lang.Object)'> (0x00000000848b6a38) 
thrown [s\src\hotspot\share\interpreter\linkResolver.cpp, line 771]
Event: 1.133 Thread 0x000001d12cd31ac0 Exception <a 'java/lang/NoSuchMethodError'{0x0000000084795a18}: 'void java.lang.invoke.DirectMethodHandle$Holder.invokeSpecial(java.lang.Object, java.lang.Object, java.lang.Object)'> (0x0000000084795a18) 
thrown [s\src\hotspot\share\interpreter\linkResolver.cpp, line 771]
Event: 1.179 Thread 0x000001d12cd31ac0 Exception <a 'java/lang/NoSuchMethodError'{0x00000000844ba418}: 'void java.lang.invoke.DirectMethodHandle$Holder.invokeStatic(java.lang.Object, java.lang.Object, java.lang.Object, java.lang.Object)'> (0x00000000844ba418) 
thrown [s\src\hotspot\share\interpreter\linkResolver.cpp, line 771]
Event: 1.227 Thread 0x000001d12cd31ac0 Exception <a 'java/lang/NoSuchMethodError'{0x000000008407b5c8}: 'void java.lang.invoke.DirectMethodHandle$Holder.invokeStaticInit(java.lang.Object, java.lang.Object)'> (0x000000008407b5c8) 
thrown [s\src\hotspot\share\interpreter\linkResolver.cpp, line 771]
Event: 1.301 Thread 0x000001d12cd31ac0 Exception <a 'java/lang/NoSuchMethodError'{0x0000000083cf2fb8}: 'void java.lang.invoke.DirectMethodHandle$Holder.invokeVirtual(java.lang.Object, java.lang.Object)'> (0x0000000083cf2fb8) 
thrown [s\src\hotspot\share\interpreter\linkResolver.cpp, line 771]
Event: 1.308 Thread 0x000001d12cd31ac0 Exception <a 'java/lang/NoSuchMethodError'{0x0000000083b6cf00}: 'int java.lang.invoke.DirectMethodHandle$Holder.invokeVirtual(java.lang.Object, java.lang.Object)'> (0x0000000083b6cf00) 
thrown [s\src\hotspot\share\interpreter\linkResolver.cpp, line 771]
Event: 1.320 Thread 0x000001d12cd31ac0 Exception <a 'java/lang/NoSuchMethodError'{0x0000000083a04c80}: 'java.lang.Object java.lang.invoke.Invokers$Holder.invokeExact_MT(java.lang.Object, java.lang.Object, java.lang.Object, java.lang.Object, java.lang.Object, java.lang.Object)'> (0x0000000083a04c80) 
thrown [s\src\hotspot\share\interpreter\linkResolver.cpp, line 771]
Event: 1.968 Thread 0x000001d12cd31ac0 Implicit null exception at 0x000001d137ce8d72 to 0x000001d137ce938c
Event: 2.078 Thread 0x000001d12cd31ac0 Implicit null exception at 0x000001d137cea272 to 0x000001d137cea8ac
Event: 2.139 Thread 0x000001d12cd31ac0 Exception <a 'java/lang/NoSuchMethodError'{0x000000008821a3d8}: 'java.lang.Object java.lang.invoke.DirectMethodHandle$Holder.invokeVirtual(java.lang.Object, java.lang.Object, java.lang.Object)'> (0x000000008821a3d8) 
thrown [s\src\hotspot\share\interpreter\linkResolver.cpp, line 771]
Event: 2.698 Thread 0x000001d12cd31ac0 Exception <a 'java/lang/NoSuchMethodError'{0x0000000085ad2978}: 'java.lang.Object java.lang.invoke.DirectMethodHandle$Holder.newInvokeSpecial(java.lang.Object, java.lang.Object, int)'> (0x0000000085ad2978) 
thrown [s\src\hotspot\share\interpreter\linkResolver.cpp, line 771]
Event: 2.740 Thread 0x000001d12cd31ac0 Exception <a 'java/lang/NoSuchMethodError'{0x00000000858ab988}: 'java.lang.Object java.lang.invoke.DirectMethodHandle$Holder.newInvokeSpecial(java.lang.Object, java.lang.Object, java.lang.Object, int)'> (0x00000000858ab988) 
thrown [s\src\hotspot\share\interpreter\linkResolver.cpp, line 771]
Event: 2.740 Thread 0x000001d12cd31ac0 Exception <a 'java/lang/NoSuchMethodError'{0x00000000858b0010}: 'java.lang.Object java.lang.invoke.DirectMethodHandle$Holder.invokeSpecial(java.lang.Object, java.lang.Object, java.lang.Object, java.lang.Object, int)'> (0x00000000858b0010) 
thrown [s\src\hotspot\share\interpreter\linkResolver.cpp, line 771]
Event: 2.740 Thread 0x000001d12cd31ac0 Exception <a 'java/lang/NoSuchMethodError'{0x00000000858b3e80}: 'java.lang.Object java.lang.invoke.Invokers$Holder.linkToTargetMethod(java.lang.Object, java.lang.Object, int, java.lang.Object)'> (0x00000000858b3e80) 
thrown [s\src\hotspot\share\interpreter\linkResolver.cpp, line 771]
Event: 3.353 Thread 0x000001d12cd31ac0 Exception <a 'java/lang/NoSuchMethodError'{0x0000000086520750}: 'java.lang.Object java.lang.invoke.DirectMethodHandle$Holder.newInvokeSpecial(java.lang.Object, int, java.lang.Object)'> (0x0000000086520750) 
thrown [s\src\hotspot\share\interpreter\linkResolver.cpp, line 771]
Event: 3.355 Thread 0x000001d12cd31ac0 Exception <a 'java/lang/NoSuchMethodError'{0x0000000086526db0}: 'int java.lang.invoke.DirectMethodHandle$Holder.invokeInterface(java.lang.Object, java.lang.Object)'> (0x0000000086526db0) 
thrown [s\src\hotspot\share\interpreter\linkResolver.cpp, line 771]
Event: 3.471 Thread 0x000001d12cd31ac0 Exception <a 'java/lang/NoSuchMethodError'{0x000000008602e848}: 'java.lang.Object java.lang.invoke.DirectMethodHandle$Holder.newInvokeSpecial(java.lang.Object, java.lang.Object, java.lang.Object, java.lang.Object, java.lang.Object, java.lang.Object)'> (0x000000008602e848) 
thrown [s\src\hotspot\share\interpreter\linkResolver.cpp, line 771]
Event: 3.524 Thread 0x000001d12cd31ac0 Exception <a 'java/lang/NoSuchMethodError'{0x0000000085c8ce10}: 'java.lang.Object java.lang.invoke.DirectMethodHandle$Holder.invokeStaticInit(java.lang.Object, java.lang.Object, java.lang.Object)'> (0x0000000085c8ce10) 
thrown [s\src\hotspot\share\interpreter\linkResolver.cpp, line 771]

VM Operations (20 events):
Event: 3.542 Executing VM operation: ICBufferFull
Event: 3.542 Executing VM operation: ICBufferFull done
Event: 3.622 Executing VM operation: G1CollectForAllocation
Event: 3.633 Executing VM operation: G1CollectForAllocation done
Event: 3.733 Executing VM operation: ICBufferFull
Event: 3.733 Executing VM operation: ICBufferFull done
Event: 3.746 Executing VM operation: HandshakeAllThreads
Event: 3.746 Executing VM operation: HandshakeAllThreads done
Event: 3.748 Executing VM operation: HandshakeAllThreads
Event: 3.748 Executing VM operation: HandshakeAllThreads done
Event: 3.776 Executing VM operation: ICBufferFull
Event: 3.776 Executing VM operation: ICBufferFull done
Event: 3.887 Executing VM operation: ICBufferFull
Event: 3.887 Executing VM operation: ICBufferFull done
Event: 3.889 Executing VM operation: G1CollectForAllocation
Event: 3.900 Executing VM operation: G1CollectForAllocation done
Event: 3.929 Executing VM operation: G1PauseRemark
Event: 3.934 Executing VM operation: G1PauseRemark done
Event: 3.950 Executing VM operation: G1PauseCleanup
Event: 3.950 Executing VM operation: G1PauseCleanup done

Events (20 events):
Event: 3.053 loading class java/util/stream/ReduceOps$3ReducingSink
Event: 3.053 loading class java/util/stream/ReduceOps$AccumulatingSink
Event: 3.053 loading class java/util/stream/ReduceOps$AccumulatingSink done
Event: 3.053 loading class java/util/stream/ReduceOps$Box
Event: 3.053 loading class java/util/stream/ReduceOps$Box done
Event: 3.053 loading class java/util/stream/ReduceOps$3ReducingSink done
Event: 3.053 loading class java/util/stream/ReferencePipeline$2$1
Event: 3.053 loading class java/util/stream/ReferencePipeline$2$1 done
Event: 3.053 loading class java/util/stream/IntPipeline$1$1
Event: 3.054 loading class java/util/stream/Sink$ChainedInt
Event: 3.054 loading class java/util/stream/Sink$OfInt
Event: 3.054 loading class java/util/function/IntConsumer
Event: 3.054 loading class java/util/function/IntConsumer done
Event: 3.054 loading class java/util/stream/Sink$OfInt done
Event: 3.054 loading class java/util/stream/Sink$ChainedInt done
Event: 3.054 loading class java/util/stream/IntPipeline$1$1 done
Event: 3.126 loading class java/util/Collections$SingletonMap
Event: 3.126 loading class java/util/Collections$SingletonMap done
Event: 3.473 loading class java/util/RegularEnumSet$EnumSetIterator
Event: 3.473 loading class java/util/RegularEnumSet$EnumSetIterator done


Dynamic libraries:
0x00007ff745ae0000 - 0x00007ff745aea000 	D:\Android Studio\jbr\bin\java.exe
0x00007ffad4df0000 - 0x00007ffad5006000 	C:\WINDOWS\SYSTEM32\ntdll.dll
0x00007ffa8bc40000 - 0x00007ffa8bc59000 	C:\Program Files\Avast Software\Avast\aswhook.dll
0x00007ffad2eb0000 - 0x00007ffad2f74000 	C:\WINDOWS\System32\KERNEL32.DLL
0x00007ffad2600000 - 0x00007ffad29a7000 	C:\WINDOWS\System32\KERNELBASE.dll
0x00007ffad2370000 - 0x00007ffad2481000 	C:\WINDOWS\System32\ucrtbase.dll
0x00007ffa5da70000 - 0x00007ffa5da87000 	D:\Android Studio\jbr\bin\jli.dll
0x00007ffab30a0000 - 0x00007ffab30bb000 	D:\Android Studio\jbr\bin\VCRUNTIME140.dll
0x00007ffad49c0000 - 0x00007ffad4b6e000 	C:\WINDOWS\System32\USER32.dll
0x00007ffad2110000 - 0x00007ffad2136000 	C:\WINDOWS\System32\win32u.dll
0x00007ffad48b0000 - 0x00007ffad48d9000 	C:\WINDOWS\System32\GDI32.dll
0x00007ffad2140000 - 0x00007ffad2259000 	C:\WINDOWS\System32\gdi32full.dll
0x00007ffac2310000 - 0x00007ffac25a3000 	C:\WINDOWS\WinSxS\amd64_microsoft.windows.common-controls_6595b64144ccf1df_6.0.22621.3235_none_270f74e173860f98\COMCTL32.dll
0x00007ffad22d0000 - 0x00007ffad236a000 	C:\WINDOWS\System32\msvcp_win.dll
0x00007ffad2ba0000 - 0x00007ffad2c47000 	C:\WINDOWS\System32\msvcrt.dll
0x00007ffad4720000 - 0x00007ffad4751000 	C:\WINDOWS\System32\IMM32.DLL
0x00007ffab3090000 - 0x00007ffab309c000 	D:\Android Studio\jbr\bin\vcruntime140_1.dll
0x00007ffa9db90000 - 0x00007ffa9dc1d000 	D:\Android Studio\jbr\bin\msvcp140.dll
0x00007ffa5ded0000 - 0x00007ffa5eb53000 	D:\Android Studio\jbr\bin\server\jvm.dll
0x00007ffad48e0000 - 0x00007ffad4992000 	C:\WINDOWS\System32\ADVAPI32.dll
0x00007ffad40e0000 - 0x00007ffad4188000 	C:\WINDOWS\System32\sechost.dll
0x00007ffad2a30000 - 0x00007ffad2a58000 	C:\WINDOWS\System32\bcrypt.dll
0x00007ffad4c90000 - 0x00007ffad4da5000 	C:\WINDOWS\System32\RPCRT4.dll
0x00007ffabd620000 - 0x00007ffabd629000 	C:\WINDOWS\SYSTEM32\WSOCK32.dll
0x00007ffaca490000 - 0x00007ffaca4c4000 	C:\WINDOWS\SYSTEM32\WINMM.dll
0x00007ffad0fb0000 - 0x00007ffad0ffd000 	C:\WINDOWS\SYSTEM32\POWRPROF.dll
0x00007ffad4760000 - 0x00007ffad47d1000 	C:\WINDOWS\System32\WS2_32.dll
0x00007ffacaef0000 - 0x00007ffacaefa000 	C:\WINDOWS\SYSTEM32\VERSION.dll
0x00007ffad0f90000 - 0x00007ffad0fa3000 	C:\WINDOWS\SYSTEM32\UMPDC.dll
0x00007ffad1240000 - 0x00007ffad1258000 	C:\WINDOWS\SYSTEM32\kernel.appcore.dll
0x00007ffaa9d40000 - 0x00007ffaa9d4a000 	D:\Android Studio\jbr\bin\jimage.dll
0x00007ffacfa50000 - 0x00007ffacfc83000 	C:\WINDOWS\SYSTEM32\DBGHELP.DLL
0x00007ffad41c0000 - 0x00007ffad4548000 	C:\WINDOWS\System32\combase.dll
0x00007ffad30d0000 - 0x00007ffad31a7000 	C:\WINDOWS\System32\OLEAUT32.dll
0x00007ffac7460000 - 0x00007ffac7492000 	C:\WINDOWS\SYSTEM32\dbgcore.DLL
0x00007ffad29b0000 - 0x00007ffad2a29000 	C:\WINDOWS\System32\bcryptPrimitives.dll
0x00007ffa620a0000 - 0x00007ffa620c5000 	D:\Android Studio\jbr\bin\java.dll
0x00007ffa62240000 - 0x00007ffa62258000 	D:\Android Studio\jbr\bin\zip.dll
0x00007ffad37f0000 - 0x00007ffad404c000 	C:\WINDOWS\System32\SHELL32.dll
0x00007ffad0070000 - 0x00007ffad0969000 	C:\WINDOWS\SYSTEM32\windows.storage.dll
0x00007ffacff30000 - 0x00007ffad006e000 	C:\WINDOWS\SYSTEM32\wintypes.dll
0x00007ffad4b90000 - 0x00007ffad4c83000 	C:\WINDOWS\System32\SHCORE.dll
0x00007ffad47e0000 - 0x00007ffad483e000 	C:\WINDOWS\System32\shlwapi.dll
0x00007ffad2040000 - 0x00007ffad2061000 	C:\WINDOWS\SYSTEM32\profapi.dll
0x00007ffa62080000 - 0x00007ffa62099000 	D:\Android Studio\jbr\bin\net.dll
0x00007ffacab70000 - 0x00007ffacaca6000 	C:\WINDOWS\SYSTEM32\WINHTTP.dll
0x00007ffad16b0000 - 0x00007ffad1719000 	C:\WINDOWS\system32\mswsock.dll
0x00007ffa62060000 - 0x00007ffa62076000 	D:\Android Studio\jbr\bin\nio.dll
0x00007ffaa2670000 - 0x00007ffaa2680000 	D:\Android Studio\jbr\bin\verify.dll

dbghelp: loaded successfully - version: 4.0.5 - missing functions: none
symbol engine: initialized successfully - sym options: 0x614 - pdb path: .;D:\Android Studio\jbr\bin;C:\WINDOWS\SYSTEM32;C:\Program Files\Avast Software\Avast;C:\WINDOWS\WinSxS\amd64_microsoft.windows.common-controls_6595b64144ccf1df_6.0.22621.3235_none_270f74e173860f98;D:\Android Studio\jbr\bin\server

VM Arguments:
java_command: org.jetbrains.kotlin.cli.jvm.K2JVMCompiler @C:\Users\ASUS\AndroidStudioProjects\Project152\app\build\20240425_8402613542621192237.compiler.options
java_class_path (initial): C:\Users\ASUS\.gradle\caches\modules-2\files-2.1\org.jetbrains.kotlin\kotlin-compiler-embeddable\1.9.0\2c8c3a7402becca891f12739b3e9fd2dc2adbd7a\kotlin-compiler-embeddable-1.9.0.jar;C:\Users\ASUS\.gradle\caches\modules-2\files-2.1\org.jetbrains.kotlin\kotlin-stdlib\1.9.0\8ee15ef0c67dc83d874f412d84378d7f0eb50b63\kotlin-stdlib-1.9.0.jar;C:\Users\ASUS\.gradle\caches\modules-2\files-2.1\org.jetbrains.kotlin\kotlin-script-runtime\1.9.0\4b3102cbbb7e1b58d9d1adf89563f00069ffa7d1\kotlin-script-runtime-1.9.0.jar;C:\Users\ASUS\.gradle\caches\modules-2\files-2.1\org.jetbrains.kotlin\kotlin-reflect\1.6.10\1cbe9c92c12a94eea200d23c2bbaedaf3daf5132\kotlin-reflect-1.6.10.jar;C:\Users\ASUS\.gradle\caches\modules-2\files-2.1\org.jetbrains.kotlin\kotlin-daemon-embeddable\1.9.0\186543f5e28cf8d9a0290fecc2cf34301c40a65c\kotlin-daemon-embeddable-1.9.0.jar;C:\Users\ASUS\.gradle\caches\modules-2\files-2.1\org.jetbrains.intellij.deps\trove4j\1.0.20200330\3afb14d5f9ceb459d724e907a21145e8ff394f02\trove4j-1.0.20200330.jar;C:\Users\ASUS\.gradle\caches\modules-2\files-2.1\org.jetbrains.kotlin\kotlin-stdlib-common\1.9.0\cd65c21cfd1eec4d44ef09f9f52b6d9f8a720636\kotlin-stdlib-common-1.9.0.jar;C:\Users\ASUS\.gradle\caches\modules-2\files-2.1\org.jetbrains\annotations\13.0\919f0dfe192fb4e063e7dacadee7f8bb9a2672a9\annotations-13.0.jar
Launcher Type: SUN_STANDARD

[Global flags]
     intx CICompilerCount                          = 4                                         {product} {ergonomic}
     uint ConcGCThreads                            = 2                                         {product} {ergonomic}
     uint G1ConcRefinementThreads                  = 8                                         {product} {ergonomic}
   size_t G1HeapRegionSize                         = 1048576                                   {product} {ergonomic}
    uintx GCDrainStackTargetSize                   = 64                                        {product} {ergonomic}
   size_t InitialHeapSize                          = 132120576                                 {product} {ergonomic}
   size_t MarkStackSize                            = 4194304                                   {product} {ergonomic}
   size_t MaxHeapSize                              = 2105540608                                {product} {ergonomic}
   size_t MaxNewSize                               = 1262485504                                {product} {ergonomic}
   size_t MinHeapDeltaBytes                        = 1048576                                   {product} {ergonomic}
   size_t MinHeapSize                              = 8388608                                   {product} {ergonomic}
    uintx NonNMethodCodeHeapSize                   = 5839372                                {pd product} {ergonomic}
    uintx NonProfiledCodeHeapSize                  = 122909434                              {pd product} {ergonomic}
    uintx ProfiledCodeHeapSize                     = 122909434                              {pd product} {ergonomic}
    uintx ReservedCodeCacheSize                    = 251658240                              {pd product} {ergonomic}
     bool SegmentedCodeCache                       = true                                      {product} {ergonomic}
   size_t SoftMaxHeapSize                          = 2105540608                             {manageable} {ergonomic}
     bool UseCompressedClassPointers               = true                           {product lp64_product} {ergonomic}
     bool UseCompressedOops                        = true                           {product lp64_product} {ergonomic}
     bool UseG1GC                                  = true                                      {product} {ergonomic}
     bool UseLargePagesIndividualAllocation        = false                                  {pd product} {ergonomic}

Logging:
Log output configuration:
 #0: stdout all=warning uptime,level,tags
 #1: stderr all=off uptime,level,tags

Environment Variables:
JAVA_HOME=C:\Program Files\Java\jdk-12.0.2
CLASSPATH=C:\Program Files\Java\jdk-12.0.2\mysql-connector-java-5.1.49-bin.jar;.;
PATH=C:\Windows\system32;C:\Windows;C:\Windows\System32\Wbem;C:\Windows\System32\WindowsPowerShell\v1.0\;C:\Windows\System32\OpenSSH\;C:\Program Files (x86)\NVIDIA Corporation\PhysX\Common;C:\WINDOWS\system32;C:\WINDOWS;C:\WINDOWS\System32\Wbem;C:\WINDOWS\System32\WindowsPowerShell\v1.0\;C:\WINDOWS\System32\OpenSSH\;C:\MinGW\bin;C:\Program Files\nodejs\;C:\Program Files\Git\cmd;C:\Program Files\Polyspace\R2019a\bin;C:\Program Files\Java\jdk-12.0.2\bin;C:\Users\ASUS\AppData\Local\Microsoft\WindowsApps;C:\Users\ASUS\AppData\Local\Programs\Microsoft VS Code\bin;C:\Users\ASUS\AppData\Roaming\npm;C:\Users\ASUS\AppData\Local\spicetify;C:\Users\ASUS\AppData\Local\Microsoft\WindowsApps;C:\Users\ASUS\AppData\Roaming\TinyTeX\bin\windows;E:\Kuliah\smt 6\flutter_windows_3.19.1-stable\flutter\bin;
USERNAME=ASUS
OS=Windows_NT
PROCESSOR_IDENTIFIER=Intel64 Family 6 Model 165 Stepping 2, GenuineIntel
TMP=C:\Users\ASUS\AppData\Local\Temp
TEMP=C:\Users\ASUS\AppData\Local\Temp



Periodic native trim disabled

JNI global refs:
JNI global refs: 9, weak refs: 32

JNI global refs memory usage: 843, weak refs: 841

OOME stack traces (most recent first):
Classloader memory used:
Loader jdk.internal.loader.ClassLoaders$AppClassLoader                                 : 5119K
Loader bootstrap                                                                       : 1295K
Loader jdk.internal.reflect.DelegatingClassLoader                                      : 14285B


---------------  S Y S T E M  ---------------

OS:
 Windows 11 , 64 bit Build 22621 (10.0.22621.3374)
OS uptime: 0 days 0:07 hours

CPU: total 8 (initial active 8) (4 cores per cpu, 2 threads per core) family 6 model 165 stepping 2 microcode 0xe0, cx8, cmov, fxsr, ht, mmx, 3dnowpref, sse, sse2, sse3, ssse3, sse4.1, sse4.2, popcnt, lzcnt, tsc, tscinvbit, avx, avx2, aes, erms, clmul, bmi1, bmi2, adx, fma, vzeroupper, clflush, clflushopt
Processor Information for all 8 processors :
  Max Mhz: 2496, Current Mhz: 2496, Mhz Limit: 2496

Memory: 4k page, system-wide physical 8029M (329M free)
TotalPageFile size 13065M (AvailPageFile size 4M)
current process WorkingSet (physical memory assigned to process): 210M, peak: 210M
current process commit charge ("private bytes"): 246M, peak: 249M

vm_info: OpenJDK 64-Bit Server VM (17.0.9+0--11185874) for windows-amd64 JRE (17.0.9+0--11185874), built on Dec  6 2023 18:57:44 by "androidbuild" with MS VC++ 16.10 / 16.11 (VS2019)

END.
